2025-12-22 15:19:42,966 - aqt.main - INFO - installer 29536 aqtinstall(aqt) v3.3.0 on Python 3.13.3 [CPython MSC v.1943 64 bit (AMD64)]
2025-12-22 15:19:42,968 - aqt.helper - DEBUG - helper 29536 Attempt to download checksum at https://download.qt.io/online/qtsdkrepository/windows_x86/desktop/qt6_653/Updates.xml.sha256
2025-12-22 15:19:51,595 - aqt.helper - DEBUG - helper 43848 Attempt to download checksum at https://download.qt.io/online/qtsdkrepository/windows_x86/desktop/qt6_653/qt.qt6.653.win64_msvc2019_64/6.5.3-0-202309260341qtbase-Windows-Windows_10_22H2-MSVC2019-Windows-Windows_10_22H2-X86_64.7z.sha256
2025-12-22 15:19:51,688 - aqt.helper - DEBUG - helper 51032 Attempt to download checksum at https://download.qt.io/online/qtsdkrepository/windows_x86/desktop/qt6_653/qt.qt6.653.win64_msvc2019_64/6.5.3-0-202309260341qtsvg-Windows-Windows_10_22H2-MSVC2019-Windows-Windows_10_22H2-X86_64.7z.sha256
2025-12-22 15:19:51,829 - aqt.helper - DEBUG - helper 42928 Attempt to download checksum at https://download.qt.io/online/qtsdkrepository/windows_x86/desktop/qt6_653/qt.qt6.653.win64_msvc2019_64/6.5.3-0-202309260341qtdeclarative-Windows-Windows_10_22H2-MSVC2019-Windows-Windows_10_22H2-X86_64.7z.sha256
2025-12-22 15:19:51,848 - aqt.helper - DEBUG - helper 52960 Attempt to download checksum at https://download.qt.io/online/qtsdkrepository/windows_x86/desktop/qt6_653/qt.qt6.653.win64_msvc2019_64/6.5.3-0-202309260341qttools-Windows-Windows_10_22H2-MSVC2019-Windows-Windows_10_22H2-X86_64.7z.sha256
2025-12-22 15:19:52,922 - aqt.helper - INFO - helper 43848 Downloading qtbase...
2025-12-22 15:19:52,923 - aqt.installer - DEBUG - installer 43848 Download URL: https://download.qt.io/online/qtsdkrepository/windows_x86/desktop/qt6_653/qt.qt6.653.win64_msvc2019_64/6.5.3-0-202309260341qtbase-Windows-Windows_10_22H2-MSVC2019-Windows-Windows_10_22H2-X86_64.7z
2025-12-22 15:19:53,586 - aqt.helper - INFO - helper 52960 Downloading qttools...
2025-12-22 15:19:53,587 - aqt.installer - DEBUG - installer 52960 Download URL: https://download.qt.io/online/qtsdkrepository/windows_x86/desktop/qt6_653/qt.qt6.653.win64_msvc2019_64/6.5.3-0-202309260341qttools-Windows-Windows_10_22H2-MSVC2019-Windows-Windows_10_22H2-X86_64.7z
2025-12-22 15:19:53,948 - aqt.helper - INFO - helper 51032 Downloading qtsvg...
2025-12-22 15:19:53,949 - aqt.installer - DEBUG - installer 51032 Download URL: https://download.qt.io/online/qtsdkrepository/windows_x86/desktop/qt6_653/qt.qt6.653.win64_msvc2019_64/6.5.3-0-202309260341qtsvg-Windows-Windows_10_22H2-MSVC2019-Windows-Windows_10_22H2-X86_64.7z
2025-12-22 15:19:54,596 - aqt.helper - INFO - helper 42928 Downloading qtdeclarative...
2025-12-22 15:19:54,597 - aqt.installer - DEBUG - installer 42928 Download URL: https://download.qt.io/online/qtsdkrepository/windows_x86/desktop/qt6_653/qt.qt6.653.win64_msvc2019_64/6.5.3-0-202309260341qtdeclarative-Windows-Windows_10_22H2-MSVC2019-Windows-Windows_10_22H2-X86_64.7z
2025-12-22 15:19:55,469 - aqt.helper - DEBUG - helper 52960 Asked to redirect(302) to: https://mirror.aarnet.edu.au/pub/qtproject/online/qtsdkrepository/windows_x86/desktop/qt6_653/qt.qt6.653.win64_msvc2019_64/6.5.3-0-202309260341qttools-Windows-Windows_10_22H2-MSVC2019-Windows-Windows_10_22H2-X86_64.7z
2025-12-22 15:19:55,469 - aqt.helper - INFO - helper 52960 Redirected: mirror.aarnet.edu.au
2025-12-22 15:19:56,026 - aqt.helper - DEBUG - helper 42928 Asked to redirect(302) to: https://mirror.aarnet.edu.au/pub/qtproject/online/qtsdkrepository/windows_x86/desktop/qt6_653/qt.qt6.653.win64_msvc2019_64/6.5.3-0-202309260341qtdeclarative-Windows-Windows_10_22H2-MSVC2019-Windows-Windows_10_22H2-X86_64.7z
2025-12-22 15:19:56,027 - aqt.helper - INFO - helper 42928 Redirected: mirror.aarnet.edu.au
2025-12-22 15:19:57,857 - aqt.helper - DEBUG - helper 51032 Asked to redirect(302) to: https://mirror.aarnet.edu.au/pub/qtproject/online/qtsdkrepository/windows_x86/desktop/qt6_653/qt.qt6.653.win64_msvc2019_64/6.5.3-0-202309260341qtsvg-Windows-Windows_10_22H2-MSVC2019-Windows-Windows_10_22H2-X86_64.7z
2025-12-22 15:19:57,857 - aqt.helper - INFO - helper 51032 Redirected: mirror.aarnet.edu.au
2025-12-22 15:19:59,717 - aqt.helper - DEBUG - helper 43848 Asked to redirect(302) to: https://mirror.aarnet.edu.au/pub/qtproject/online/qtsdkrepository/windows_x86/desktop/qt6_653/qt.qt6.653.win64_msvc2019_64/6.5.3-0-202309260341qtbase-Windows-Windows_10_22H2-MSVC2019-Windows-Windows_10_22H2-X86_64.7z
2025-12-22 15:19:59,718 - aqt.helper - INFO - helper 43848 Redirected: mirror.aarnet.edu.au
2025-12-22 15:20:04,680 - aqt.installer - INFO - installer 51032 Finished installation of qtsvg-Windows-Windows_10_22H2-MSVC2019-Windows-Windows_10_22H2-X86_64.7z in 12.99587270
2025-12-22 15:20:04,715 - aqt.helper - DEBUG - helper 51032 Attempt to download checksum at https://download.qt.io/online/qtsdkrepository/windows_x86/desktop/qt6_653/qt.qt6.653.win64_msvc2019_64/6.5.3-0-202309260341qttranslations-Windows-Windows_10_22H2-MSVC2019-Windows-Windows_10_22H2-X86_64.7z.sha256
2025-12-22 15:20:11,048 - aqt.helper - INFO - helper 51032 Downloading qttranslations...
2025-12-22 15:20:11,048 - aqt.installer - DEBUG - installer 51032 Download URL: https://download.qt.io/online/qtsdkrepository/windows_x86/desktop/qt6_653/qt.qt6.653.win64_msvc2019_64/6.5.3-0-202309260341qttranslations-Windows-Windows_10_22H2-MSVC2019-Windows-Windows_10_22H2-X86_64.7z
2025-12-22 15:20:13,703 - aqt.helper - DEBUG - helper 51032 Asked to redirect(302) to: https://mirror.aarnet.edu.au/pub/qtproject/online/qtsdkrepository/windows_x86/desktop/qt6_653/qt.qt6.653.win64_msvc2019_64/6.5.3-0-202309260341qttranslations-Windows-Windows_10_22H2-MSVC2019-Windows-Windows_10_22H2-X86_64.7z
2025-12-22 15:20:13,704 - aqt.helper - INFO - helper 51032 Redirected: mirror.aarnet.edu.au
2025-12-22 15:20:30,528 - aqt.installer - INFO - installer 51032 Finished installation of qttranslations-Windows-Windows_10_22H2-MSVC2019-Windows-Windows_10_22H2-X86_64.7z in 25.82044450
2025-12-22 15:20:30,603 - aqt.helper - DEBUG - helper 51032 Attempt to download checksum at https://download.qt.io/online/qtsdkrepository/windows_x86/desktop/qt6_653/qt.qt6.653.win64_msvc2019_64/6.5.3-0-202309260341d3dcompiler_47-x64.7z.sha256
2025-12-22 15:20:32,808 - aqt.helper - INFO - helper 51032 Downloading d3dcompiler_47...
2025-12-22 15:20:32,809 - aqt.installer - DEBUG - installer 51032 Download URL: https://download.qt.io/online/qtsdkrepository/windows_x86/desktop/qt6_653/qt.qt6.653.win64_msvc2019_64/6.5.3-0-202309260341d3dcompiler_47-x64.7z
2025-12-22 15:20:36,779 - aqt.helper - DEBUG - helper 51032 Asked to redirect(302) to: https://mirror.aarnet.edu.au/pub/qtproject/online/qtsdkrepository/windows_x86/desktop/qt6_653/qt.qt6.653.win64_msvc2019_64/6.5.3-0-202309260341d3dcompiler_47-x64.7z
2025-12-22 15:20:36,779 - aqt.helper - INFO - helper 51032 Redirected: mirror.aarnet.edu.au
2025-12-22 15:20:55,554 - aqt.installer - INFO - installer 51032 Finished installation of d3dcompiler_47-x64.7z in 24.97003150
2025-12-22 15:20:55,591 - aqt.helper - DEBUG - helper 51032 Attempt to download checksum at https://download.qt.io/online/qtsdkrepository/windows_x86/desktop/qt6_653/qt.qt6.653.win64_msvc2019_64/6.5.3-0-202309260341opengl32sw-64-mesa_11_2_2-signed_sha256.7z.sha256
2025-12-22 15:20:59,333 - aqt.helper - INFO - helper 51032 Downloading opengl32sw...
2025-12-22 15:20:59,335 - aqt.installer - DEBUG - installer 51032 Download URL: https://download.qt.io/online/qtsdkrepository/windows_x86/desktop/qt6_653/qt.qt6.653.win64_msvc2019_64/6.5.3-0-202309260341opengl32sw-64-mesa_11_2_2-signed_sha256.7z
2025-12-22 15:21:02,975 - aqt.helper - DEBUG - helper 51032 Asked to redirect(302) to: https://mirror.aarnet.edu.au/pub/qtproject/online/qtsdkrepository/windows_x86/desktop/qt6_653/qt.qt6.653.win64_msvc2019_64/6.5.3-0-202309260341opengl32sw-64-mesa_11_2_2-signed_sha256.7z
2025-12-22 15:21:02,975 - aqt.helper - INFO - helper 51032 Redirected: mirror.aarnet.edu.au
2025-12-22 15:21:08,114 - aqt.installer - INFO - installer 52960 Finished installation of qttools-Windows-Windows_10_22H2-MSVC2019-Windows-Windows_10_22H2-X86_64.7z in 76.27050160
2025-12-22 15:21:12,344 - aqt.installer - INFO - installer 51032 Finished installation of opengl32sw-64-mesa_11_2_2-signed_sha256.7z in 16.76337380
2025-12-22 15:21:17,677 - aqt.installer - INFO - installer 43848 Finished installation of qtbase-Windows-Windows_10_22H2-MSVC2019-Windows-Windows_10_22H2-X86_64.7z in 86.08504210
2025-12-22 15:21:17,725 - aqt.installer - WARNING - installer 29536 Caught ArchiveDownloadError, terminating installer workers
2025-12-22 15:21:17,767 - aqt.main - ERROR - installer 29536 Download of 6.5.3-0-202309260341qtdeclarative-Windows-Windows_10_22H2-MSVC2019-Windows-Windows_10_22H2-X86_64.7z has error: ('Connection broken: IncompleteRead(8142312 bytes read, 63319911 more expected)', IncompleteRead(8142312 bytes read, 63319911 more expected))
